<?xml version="1.0" encoding="UTF-8"?>
<!-- Generated by org.testng.reporters.JUnitXMLReporter -->
<testsuite ignored="0" hostname="DESKTOP-K410UR4" failures="0" tests="4" name="Test" time="14.206" errors="0" timestamp="2023-06-25T14:08:50 IST">
  <testcase classname="Meta.FacebookTitle" name="title" time="3.739"/>
  <testcase classname="Meta.CreateNewAccount" name="title3" time="2.819"/>
  <testcase classname="Meta.ForgotPassword" name="title" time="4.06"/>
  <testcase classname="Meta.UrlPrint" name="title1" time="3.335"/>
</testsuite> <!-- Test -->
