<?xml version="1.0" encoding="UTF-8"?>
<!-- Generated by org.testng.reporters.JUnitXMLReporter -->
<testsuite ignored="0" hostname="DESKTOP-K410UR4" failures="0" tests="4" name="Test" time="17.371" errors="0" timestamp="2023-06-24T13:57:05 IST">
  <testcase classname="Meta.FacebookTitle" name="title" time="4.674"/>
  <testcase classname="Meta.CreateNewAccount" name="title3" time="2.772"/>
  <testcase classname="Meta.ForgotPassword" name="title" time="4.27"/>
  <testcase classname="Meta.UrlPrint" name="title1" time="5.596"/>
</testsuite> <!-- Test -->
