<?xml version="1.0" encoding="UTF-8"?>
<testng-results ignored="0" total="4" passed="4" failed="0" skipped="0">
  <reporter-output>
  </reporter-output>
  <suite started-at="2023-06-25T14:08:35 IST" name="Suite" finished-at="2023-06-25T14:08:49 IST" duration-ms="14206">
    <groups>
    </groups>
    <test started-at="2023-06-25T14:08:35 IST" name="Test" finished-at="2023-06-25T14:08:49 IST" duration-ms="14206">
      <class name="Meta.FacebookTitle">
        <test-method signature="title()[pri:0, instance:Meta.FacebookTitle@67f639d3]" started-at="2023-06-25T14:08:35 IST" name="title" finished-at="2023-06-25T14:08:39 IST" duration-ms="3739" status="PASS">
          <reporter-output>
          </reporter-output>
        </test-method> <!-- title -->
      </class> <!-- Meta.FacebookTitle -->
      <class name="Meta.CreateNewAccount">
        <test-method signature="title3()[pri:0, instance:Meta.CreateNewAccount@428640fa]" started-at="2023-06-25T14:08:39 IST" name="title3" finished-at="2023-06-25T14:08:42 IST" duration-ms="2819" status="PASS">
          <reporter-output>
          </reporter-output>
        </test-method> <!-- title3 -->
      </class> <!-- Meta.CreateNewAccount -->
      <class name="Meta.UrlPrint">
        <test-method signature="title1()[pri:0, instance:Meta.UrlPrint@2d710f1a]" started-at="2023-06-25T14:08:46 IST" name="title1" finished-at="2023-06-25T14:08:49 IST" duration-ms="3335" status="PASS">
          <reporter-output>
          </reporter-output>
        </test-method> <!-- title1 -->
      </class> <!-- Meta.UrlPrint -->
      <class name="Meta.ForgotPassword">
        <test-method signature="title()[pri:0, instance:Meta.ForgotPassword@d9345cd]" started-at="2023-06-25T14:08:42 IST" name="title" finished-at="2023-06-25T14:08:46 IST" duration-ms="4060" status="PASS">
          <reporter-output>
          </reporter-output>
        </test-method> <!-- title -->
      </class> <!-- Meta.ForgotPassword -->
    </test> <!-- Test -->
  </suite> <!-- Suite -->
</testng-results>
